0 silly input [ 'build' ]
1 silly flags { _: [ 'run' ],
1 silly flags   'reject-cycles': false,
1 silly flags   rejectCycles: false,
1 silly flags   script: 'build',
1 silly flags   args: [] }
2 verbose rootPath /Users/rungsikornrungsikavarnich/Repositories/bagi
3 info version 2.9.0
4 silly existsSync /Users/rungsikornrungsikavarnich/Repositories/bagi/VERSION
5 silly initialize attempt
6 silly initialize success
7 silly execute attempt
8 silly runScriptInDir build [] bagi-2c2p
9 silly getExecOpts { cwd:
9 silly getExecOpts    '/Users/rungsikornrungsikavarnich/Repositories/bagi/packages/bagi-2c2p' }
10 error build Errored while running script in '@bagi/2c2p'
11 error execute callback with error
12 error Error: Command failed: yarn run build
12 error error Command failed with exit code 2.
12 error error Command failed with exit code 2.
12 error yarn run v1.15.2
12 error $ yarn tsc
12 error $ /Users/rungsikornrungsikavarnich/Repositories/bagi/node_modules/.bin/tsc
12 error index.ts(41,11): error TS6133: 'paymentURL' is declared but its value is never read.
12 error info Visit https://yarnpkg.com/en/docs/cli/run for documentation about this command.
12 error info Visit https://yarnpkg.com/en/docs/cli/run for documentation about this command.
12 error
12 error     at Promise.all.then.arr (/Users/rungsikornrungsikavarnich/.config/yarn/global/node_modules/execa/index.js:236:11)
